<?xml version="1.0" encoding="UTF-8"?>
<testsuite xmlns:xsi="http://www.w3.org/2001/XMLSchema-instance" xsi:noNamespaceSchemaLocation="https://maven.apache.org/surefire/maven-surefire-plugin/xsd/surefire-test-report-3.0.xsd" version="3.0" name="com.nnk.springboot.integrations.EndpointTests" time="12.161" tests="6" errors="0" skipped="0" failures="0">
  <properties>
[...]
</properties>
  <testcase name="userIntegrationTests" classname="com.nnk.springboot.integrations.EndpointTests" time="0.869">
    <system-out><![CDATA[00:01:05.817 [main] INFO org.springframework.test.context.support.AnnotationConfigContextLoaderUtils -- Could not detect default configuration classes for test class [com.nnk.springboot.integrations.EndpointTests]: EndpointTests does not declare any static, non-private, non-final, nested classes annotated with @Configuration.
00:01:06.260 [main] INFO org.springframework.boot.test.context.SpringBootTestContextBootstrapper -- Found @SpringBootConfiguration com.nnk.springboot.Application for test class com.nnk.springboot.integrations.EndpointTests

  .   ____          _            __ _ _
 /\\ / ___'_ __ _ _(_)_ __  __ _ \ \ \ \
( ( )\___ | '_ | '_| | '_ \/ _` | \ \ \ \
 \\/  ___)| |_)| | | | | || (_| |  ) ) ) )
  '  |____| .__|_| |_|_| |_\__, | / / / /
 =========|_|==============|___/=/_/_/_/
 :: Spring Boot ::                (v3.2.0)

2024-01-02T00:01:07.509+01:00  INFO 11016 --- [           main] c.n.s.integrations.EndpointTests         : Starting EndpointTests using Java 20.0.1 with PID 11016 (started by Beraud in C:\Users\Berau\OneDrive\OpenClassRooms\Projet-7 Complétez votre backend pour rendre votre application plus sécurisée\03_CodeDuProjet\Poseiden-skeleton)
2024-01-02T00:01:07.511+01:00  INFO 11016 --- [           main] c.n.s.integrations.EndpointTests         : No active profile set, falling back to 1 default profile: "default"
2024-01-02T00:01:09.135+01:00  INFO 11016 --- [           main] .s.d.r.c.RepositoryConfigurationDelegate : Bootstrapping Spring Data JPA repositories in DEFAULT mode.
2024-01-02T00:01:09.244+01:00  INFO 11016 --- [           main] .s.d.r.c.RepositoryConfigurationDelegate : Finished Spring Data repository scanning in 95 ms. Found 6 JPA repository interfaces.
2024-01-02T00:01:10.024+01:00  INFO 11016 --- [           main] o.hibernate.jpa.internal.util.LogHelper  : HHH000204: Processing PersistenceUnitInfo [name: default]
2024-01-02T00:01:10.200+01:00  INFO 11016 --- [           main] org.hibernate.Version                    : HHH000412: Hibernate ORM core version 6.3.1.Final
2024-01-02T00:01:10.331+01:00  INFO 11016 --- [           main] o.h.c.internal.RegionFactoryInitiator    : HHH000026: Second-level cache disabled
2024-01-02T00:01:10.524+01:00  INFO 11016 --- [           main] o.s.o.j.p.SpringPersistenceUnitInfo      : No LoadTimeWeaver setup: ignoring JPA class transformer
2024-01-02T00:01:10.577+01:00  INFO 11016 --- [           main] com.zaxxer.hikari.HikariDataSource       : HikariPool-1 - Starting...
2024-01-02T00:01:10.583+01:00  WARN 11016 --- [           main] c.zaxxer.hikari.util.DriverDataSource    : Registered driver with driverClassName=com.mysql.jdbc.Driver was not found, trying direct instantiation.
2024-01-02T00:01:10.978+01:00  INFO 11016 --- [           main] com.zaxxer.hikari.pool.HikariPool        : HikariPool-1 - Added connection com.mysql.cj.jdbc.ConnectionImpl@413195dc
2024-01-02T00:01:10.980+01:00  INFO 11016 --- [           main] com.zaxxer.hikari.HikariDataSource       : HikariPool-1 - Start completed.
2024-01-02T00:01:11.123+01:00  WARN 11016 --- [           main] org.hibernate.orm.deprecation            : HHH90000025: MySQLDialect does not need to be specified explicitly using 'hibernate.dialect' (remove the property setting and it will be selected by default)
2024-01-02T00:01:13.198+01:00  INFO 11016 --- [           main] o.h.e.t.j.p.i.JtaPlatformInitiator       : HHH000489: No JTA platform available (set 'hibernate.transaction.jta.platform' to enable JTA platform integration)
2024-01-02T00:01:13.203+01:00  INFO 11016 --- [           main] j.LocalContainerEntityManagerFactoryBean : Initialized JPA EntityManagerFactory for persistence unit 'default'
2024-01-02T00:01:14.249+01:00  WARN 11016 --- [           main] JpaBaseConfiguration$JpaWebConfiguration : spring.jpa.open-in-view is enabled by default. Therefore, database queries may be performed during view rendering. Explicitly configure spring.jpa.open-in-view to disable this warning
2024-01-02T00:01:15.631+01:00  INFO 11016 --- [           main] o.s.s.web.DefaultSecurityFilterChain     : Will secure any request with [org.springframework.security.web.session.DisableEncodeUrlFilter@4c12ee12, org.springframework.security.web.context.request.async.WebAsyncManagerIntegrationFilter@6b0b6001, org.springframework.security.web.context.SecurityContextHolderFilter@40f7ae65, org.springframework.security.web.header.HeaderWriterFilter@51defa7a, org.springframework.web.filter.CorsFilter@72ac14c6, org.springframework.security.web.csrf.CsrfFilter@49d75bb0, org.springframework.security.web.authentication.logout.LogoutFilter@40724ccd, org.springframework.security.web.authentication.UsernamePasswordAuthenticationFilter@700a2863, org.springframework.security.web.authentication.ui.DefaultLoginPageGeneratingFilter@ff28a30, org.springframework.security.web.authentication.ui.DefaultLogoutPageGeneratingFilter@534463c0, org.springframework.security.web.savedrequest.RequestCacheAwareFilter@4575df15, org.springframework.security.web.servletapi.SecurityContextHolderAwareRequestFilter@2d17c0ab, org.springframework.security.web.authentication.AnonymousAuthenticationFilter@8fd65c4, org.springframework.security.web.access.ExceptionTranslationFilter@66fc7a13, org.springframework.security.web.access.intercept.AuthorizationFilter@37c5cf61]
2024-01-02T00:01:16.258+01:00  WARN 11016 --- [           main] .s.s.UserDetailsServiceAutoConfiguration : 

Using generated security password: 88a6da36-ea4e-4808-883a-4865d86b22a9

This generated password is for development use only. Your security configuration must be updated before running your application in production.

2024-01-02T00:01:16.323+01:00  INFO 11016 --- [           main] c.n.s.integrations.EndpointTests         : Started EndpointTests in 9.504 seconds (process running for 15.867)
2024-01-02T00:01:16.430+01:00  INFO 11016 --- [           main] o.s.mock.web.MockServletContext          : Initializing Spring TestDispatcherServlet ''
2024-01-02T00:01:16.430+01:00  INFO 11016 --- [           main] o.s.t.web.servlet.TestDispatcherServlet  : Initializing Servlet ''
2024-01-02T00:01:16.432+01:00  INFO 11016 --- [           main] o.s.t.web.servlet.TestDispatcherServlet  : Completed initialization in 2 ms
]]></system-out>
    <system-err><![CDATA[Loading class `com.mysql.jdbc.Driver'. This is deprecated. The new driver class is `com.mysql.cj.jdbc.Driver'. The driver is automatically registered via the SPI and manual loading of the driver class is generally unnecessary.
]]></system-err>
  </testcase>
  <testcase name="rulenameIntegrationTests" classname="com.nnk.springboot.integrations.EndpointTests" time="0.065">
    <system-out><![CDATA[2024-01-02T00:01:17.238+01:00  INFO 11016 --- [           main] o.s.mock.web.MockServletContext          : Initializing Spring TestDispatcherServlet ''
2024-01-02T00:01:17.238+01:00  INFO 11016 --- [           main] o.s.t.web.servlet.TestDispatcherServlet  : Initializing Servlet ''
2024-01-02T00:01:17.238+01:00  INFO 11016 --- [           main] o.s.t.web.servlet.TestDispatcherServlet  : Completed initialization in 0 ms
]]></system-out>
  </testcase>
  <testcase name="bidIntegrationTests" classname="com.nnk.springboot.integrations.EndpointTests" time="0.08">
    <system-out><![CDATA[2024-01-02T00:01:17.303+01:00  INFO 11016 --- [           main] o.s.mock.web.MockServletContext          : Initializing Spring TestDispatcherServlet ''
2024-01-02T00:01:17.303+01:00  INFO 11016 --- [           main] o.s.t.web.servlet.TestDispatcherServlet  : Initializing Servlet ''
2024-01-02T00:01:17.313+01:00  INFO 11016 --- [           main] o.s.t.web.servlet.TestDispatcherServlet  : Completed initialization in 10 ms
]]></system-out>
  </testcase>
  <testcase name="ratingIntegrationTests" classname="com.nnk.springboot.integrations.EndpointTests" time="0.07">
    <system-out><![CDATA[2024-01-02T00:01:17.398+01:00  INFO 11016 --- [           main] o.s.mock.web.MockServletContext          : Initializing Spring TestDispatcherServlet ''
2024-01-02T00:01:17.399+01:00  INFO 11016 --- [           main] o.s.t.web.servlet.TestDispatcherServlet  : Initializing Servlet ''
2024-01-02T00:01:17.399+01:00  INFO 11016 --- [           main] o.s.t.web.servlet.TestDispatcherServlet  : Completed initialization in 0 ms
]]></system-out>
  </testcase>
  <testcase name="curvepointIntegrationTests" classname="com.nnk.springboot.integrations.EndpointTests" time="0.061">
    <system-out><![CDATA[2024-01-02T00:01:17.463+01:00  INFO 11016 --- [           main] o.s.mock.web.MockServletContext          : Initializing Spring TestDispatcherServlet ''
2024-01-02T00:01:17.463+01:00  INFO 11016 --- [           main] o.s.t.web.servlet.TestDispatcherServlet  : Initializing Servlet ''
2024-01-02T00:01:17.464+01:00  INFO 11016 --- [           main] o.s.t.web.servlet.TestDispatcherServlet  : Completed initialization in 0 ms
]]></system-out>
  </testcase>
  <testcase name="tradeIntegrationTests" classname="com.nnk.springboot.integrations.EndpointTests" time="0.074">
    <system-out><![CDATA[2024-01-02T00:01:17.522+01:00  INFO 11016 --- [           main] o.s.mock.web.MockServletContext          : Initializing Spring TestDispatcherServlet ''
2024-01-02T00:01:17.523+01:00  INFO 11016 --- [           main] o.s.t.web.servlet.TestDispatcherServlet  : Initializing Servlet ''
2024-01-02T00:01:17.523+01:00  INFO 11016 --- [           main] o.s.t.web.servlet.TestDispatcherServlet  : Completed initialization in 0 ms
]]></system-out>
  </testcase>
</testsuite>