<?xml version="1.0" encoding="UTF-8"?>
<testsuite xmlns:xsi="http://www.w3.org/2001/XMLSchema-instance" xsi:noNamespaceSchemaLocation="https://maven.apache.org/surefire/maven-surefire-plugin/xsd/surefire-test-report-3.0.xsd" version="3.0" name="com.nnk.springboot.integrations.LoginTests" time="9.075" tests="1" errors="0" skipped="0" failures="0">
  <properties>
[...]
</properties>
  <testcase name="addBidList" classname="com.nnk.springboot.integrations.LoginTests" time="0.332">
    <system-out><![CDATA[15:01:56.471 [main] INFO org.springframework.test.context.support.AnnotationConfigContextLoaderUtils -- Could not detect default configuration classes for test class [com.nnk.springboot.integrations.LoginTests]: LoginTests does not declare any static, non-private, non-final, nested classes annotated with @Configuration.
15:01:56.915 [main] INFO org.springframework.boot.test.context.SpringBootTestContextBootstrapper -- Found @SpringBootConfiguration com.nnk.springboot.Application for test class com.nnk.springboot.integrations.LoginTests

  .   ____          _            __ _ _
 /\\ / ___'_ __ _ _(_)_ __  __ _ \ \ \ \
( ( )\___ | '_ | '_| | '_ \/ _` | \ \ \ \
 \\/  ___)| |_)| | | | | || (_| |  ) ) ) )
  '  |____| .__|_| |_|_| |_\__, | / / / /
 =========|_|==============|___/=/_/_/_/
 :: Spring Boot ::                (v3.2.0)

2023-12-27T15:01:58.039+01:00  INFO 24696 --- [           main] c.n.springboot.integrations.LoginTests   : Starting LoginTests using Java 20.0.1 with PID 24696 (started by Beraud in C:\Users\Berau\OneDrive\OpenClassRooms\Projet-7 Complétez votre backend pour rendre votre application plus sécurisée\03_CodeDuProjet\Poseiden-skeleton)
2023-12-27T15:01:58.047+01:00  INFO 24696 --- [           main] c.n.springboot.integrations.LoginTests   : No active profile set, falling back to 1 default profile: "default"
2023-12-27T15:01:59.697+01:00  INFO 24696 --- [           main] .s.d.r.c.RepositoryConfigurationDelegate : Bootstrapping Spring Data JPA repositories in DEFAULT mode.
2023-12-27T15:01:59.827+01:00  INFO 24696 --- [           main] .s.d.r.c.RepositoryConfigurationDelegate : Finished Spring Data repository scanning in 112 ms. Found 6 JPA repository interfaces.
2023-12-27T15:02:00.627+01:00  INFO 24696 --- [           main] o.hibernate.jpa.internal.util.LogHelper  : HHH000204: Processing PersistenceUnitInfo [name: default]
2023-12-27T15:02:00.728+01:00  INFO 24696 --- [           main] org.hibernate.Version                    : HHH000412: Hibernate ORM core version 6.3.1.Final
2023-12-27T15:02:00.779+01:00  INFO 24696 --- [           main] o.h.c.internal.RegionFactoryInitiator    : HHH000026: Second-level cache disabled
2023-12-27T15:02:00.941+01:00  INFO 24696 --- [           main] o.s.o.j.p.SpringPersistenceUnitInfo      : No LoadTimeWeaver setup: ignoring JPA class transformer
2023-12-27T15:02:00.970+01:00  INFO 24696 --- [           main] com.zaxxer.hikari.HikariDataSource       : HikariPool-1 - Starting...
2023-12-27T15:02:00.975+01:00  WARN 24696 --- [           main] c.zaxxer.hikari.util.DriverDataSource    : Registered driver with driverClassName=com.mysql.jdbc.Driver was not found, trying direct instantiation.
2023-12-27T15:02:01.357+01:00  INFO 24696 --- [           main] com.zaxxer.hikari.pool.HikariPool        : HikariPool-1 - Added connection com.mysql.cj.jdbc.ConnectionImpl@6e76c502
2023-12-27T15:02:01.357+01:00  INFO 24696 --- [           main] com.zaxxer.hikari.HikariDataSource       : HikariPool-1 - Start completed.
2023-12-27T15:02:01.465+01:00  WARN 24696 --- [           main] org.hibernate.orm.deprecation            : HHH90000025: MySQLDialect does not need to be specified explicitly using 'hibernate.dialect' (remove the property setting and it will be selected by default)
2023-12-27T15:02:02.917+01:00  INFO 24696 --- [           main] o.h.e.t.j.p.i.JtaPlatformInitiator       : HHH000489: No JTA platform available (set 'hibernate.transaction.jta.platform' to enable JTA platform integration)
2023-12-27T15:02:02.927+01:00  INFO 24696 --- [           main] j.LocalContainerEntityManagerFactoryBean : Initialized JPA EntityManagerFactory for persistence unit 'default'
2023-12-27T15:02:03.527+01:00  WARN 24696 --- [           main] JpaBaseConfiguration$JpaWebConfiguration : spring.jpa.open-in-view is enabled by default. Therefore, database queries may be performed during view rendering. Explicitly configure spring.jpa.open-in-view to disable this warning
2023-12-27T15:02:04.307+01:00  INFO 24696 --- [           main] o.s.s.web.DefaultSecurityFilterChain     : Will secure any request with [org.springframework.security.web.session.DisableEncodeUrlFilter@40f7ae65, org.springframework.security.web.context.request.async.WebAsyncManagerIntegrationFilter@66dc812b, org.springframework.security.web.context.SecurityContextHolderFilter@1cbcd7ff, org.springframework.security.web.header.HeaderWriterFilter@7281a0fe, org.springframework.web.filter.CorsFilter@4575df15, org.springframework.security.web.csrf.CsrfFilter@65bbabfc, org.springframework.security.web.authentication.logout.LogoutFilter@60ea912b, org.springframework.security.web.authentication.UsernamePasswordAuthenticationFilter@5ba6659d, org.springframework.security.web.authentication.ui.DefaultLoginPageGeneratingFilter@31c00fe7, org.springframework.security.web.authentication.ui.DefaultLogoutPageGeneratingFilter@2d17c0ab, org.springframework.security.web.savedrequest.RequestCacheAwareFilter@4248a15b, org.springframework.security.web.servletapi.SecurityContextHolderAwareRequestFilter@11f8edb5, org.springframework.security.web.authentication.AnonymousAuthenticationFilter@506ec7ea, org.springframework.security.web.access.ExceptionTranslationFilter@2a530129, org.springframework.security.web.access.intercept.AuthorizationFilter@5e8fb0bd]
2023-12-27T15:02:04.697+01:00  WARN 24696 --- [           main] .s.s.UserDetailsServiceAutoConfiguration : 

Using generated security password: e0648064-4245-467a-a094-585dc5079431

This generated password is for development use only. Your security configuration must be updated before running your application in production.

2023-12-27T15:02:04.742+01:00  INFO 24696 --- [           main] c.n.springboot.integrations.LoginTests   : Started LoginTests in 7.252 seconds (process running for 13.439)
2023-12-27T15:02:04.807+01:00  INFO 24696 --- [           main] o.s.mock.web.MockServletContext          : Initializing Spring TestDispatcherServlet ''
2023-12-27T15:02:04.808+01:00  INFO 24696 --- [           main] o.s.t.web.servlet.TestDispatcherServlet  : Initializing Servlet ''
2023-12-27T15:02:04.808+01:00  INFO 24696 --- [           main] o.s.t.web.servlet.TestDispatcherServlet  : Completed initialization in 0 ms
]]></system-out>
    <system-err><![CDATA[Loading class `com.mysql.jdbc.Driver'. This is deprecated. The new driver class is `com.mysql.cj.jdbc.Driver'. The driver is automatically registered via the SPI and manual loading of the driver class is generally unnecessary.
]]></system-err>
  </testcase>
</testsuite>